# JRE version: OpenJDK Runtime Environment JBR-21.0.4+13-509.26-jcef (21.0.4+13) (build 21.0.4+13-b509.26)
# Java VM: OpenJDK 64-Bit Server VM JBR-21.0.4+13-509.26-jcef (21.0.4+13-b509.26, mixed mode, tiered, compressed oops, compressed class ptrs, g1 gc, windows-amd64)
GC Precious Log:
 CardTable entry size: 512
 Card Set container configuration: InlinePtr #cards 4 size 8 Array Of Cards #cards 16 size 48 Howl #buckets 8 coarsen threshold 3686 Howl Bitmap #cards 512 size 80 coarsen threshold 460 Card regions per heap region 1 cards per card region 4096
 CPUs: 16 total, 16 available
 Memory: 32605M
 Large Page Support: Disabled
 NUMA Support: Disabled
 Compressed Oops: Enabled (Zero based)
 Heap Region Size: 2M
 Heap Min Capacity: 128M
 Heap Initial Capacity: 128M
 Heap Max Capacity: 4076M
 Pre-touch: Disabled
 Parallel Workers: 13
 Concurrent Workers: 3
 Concurrent Refinement Workers: 13
 Periodic GC: Disabled
Heap:
 garbage-first heap   total 266240K, used 212057K [0x0000000701400000, 0x0000000800000000)
  region size 2048K, 28 young (57344K), 5 survivors (10240K)
 Metaspace       used 195001K, committed 197696K, reserved 1245184K
  class space    used 23241K, committed 24384K, reserved 1048576K
GC Heap History (20 events):
Event: 1.157 GC heap before
{Heap before GC invocations=11 (full 0):
 garbage-first heap   total 131072K, used 113186K [0x0000000701400000, 0x0000000800000000)
  region size 2048K, 28 young (57344K), 3 survivors (6144K)
 Metaspace       used 72673K, committed 73792K, reserved 1179648K
  class space    used 7764K, committed 8256K, reserved 1048576K
}
Event: 1.161 GC heap after
{Heap after GC invocations=12 (full 0):
 garbage-first heap   total 131072K, used 66994K [0x0000000701400000, 0x0000000800000000)
  region size 2048K, 4 young (8192K), 4 survivors (8192K)
 Metaspace       used 72673K, committed 73792K, reserved 1179648K
  class space    used 7764K, committed 8256K, reserved 1048576K
}
Event: 1.218 GC heap before
{Heap before GC invocations=12 (full 0):
 garbage-first heap   total 131072K, used 105906K [0x0000000701400000, 0x0000000800000000)
  region size 2048K, 24 young (49152K), 4 survivors (8192K)
 Metaspace       used 79492K, committed 80576K, reserved 1179648K
  class space    used 8551K, committed 8960K, reserved 1048576K
}
Event: 1.223 GC heap after
{Heap after GC invocations=13 (full 0):
 garbage-first heap   total 131072K, used 76940K [0x0000000701400000, 0x0000000800000000)
  region size 2048K, 3 young (6144K), 3 survivors (6144K)
 Metaspace       used 79492K, committed 80576K, reserved 1179648K
  class space    used 8551K, committed 8960K, reserved 1048576K
}
Event: 1.309 GC heap before
{Heap before GC invocations=13 (full 0):
 garbage-first heap   total 131072K, used 107660K [0x0000000701400000, 0x0000000800000000)
  region size 2048K, 19 young (38912K), 3 survivors (6144K)
 Metaspace       used 85012K, committed 86272K, reserved 1179648K
  class space    used 9239K, committed 9792K, reserved 1048576K
}
Event: 1.314 GC heap after
{Heap after GC invocations=14 (full 0):
 garbage-first heap   total 184320K, used 88303K [0x0000000701400000, 0x0000000800000000)
  region size 2048K, 3 young (6144K), 3 survivors (6144K)
 Metaspace       used 85012K, committed 86272K, reserved 1179648K
  class space    used 9239K, committed 9792K, reserved 1048576K
}
Event: 1.541 GC heap before
{Heap before GC invocations=15 (full 0):
 garbage-first heap   total 184320K, used 145647K [0x0000000701400000, 0x0000000800000000)
  region size 2048K, 32 young (65536K), 3 survivors (6144K)
 Metaspace       used 97973K, committed 99456K, reserved 1179648K
  class space    used 10917K, committed 11520K, reserved 1048576K
}
Event: 1.547 GC heap after
{Heap after GC invocations=16 (full 0):
 garbage-first heap   total 184320K, used 104729K [0x0000000701400000, 0x0000000800000000)
  region size 2048K, 4 young (8192K), 4 survivors (8192K)
 Metaspace       used 97973K, committed 99456K, reserved 1179648K
  class space    used 10917K, committed 11520K, reserved 1048576K
}
Event: 1.816 GC heap before
{Heap before GC invocations=16 (full 0):
 garbage-first heap   total 184320K, used 149785K [0x0000000701400000, 0x0000000800000000)
  region size 2048K, 27 young (55296K), 4 survivors (8192K)
 Metaspace       used 113454K, committed 115136K, reserved 1179648K
  class space    used 12844K, committed 13568K, reserved 1048576K
}
Event: 1.821 GC heap after
{Heap after GC invocations=17 (full 0):
 garbage-first heap   total 184320K, used 112280K [0x0000000701400000, 0x0000000800000000)
  region size 2048K, 4 young (8192K), 4 survivors (8192K)
 Metaspace       used 113454K, committed 115136K, reserved 1179648K
  class space    used 12844K, committed 13568K, reserved 1048576K
}
Event: 1.967 GC heap before
{Heap before GC invocations=17 (full 0):
 garbage-first heap   total 184320K, used 145048K [0x0000000701400000, 0x0000000800000000)
  region size 2048K, 21 young (43008K), 4 survivors (8192K)
 Metaspace       used 120140K, committed 121856K, reserved 1179648K
  class space    used 13674K, committed 14336K, reserved 1048576K
}
Event: 1.971 GC heap after
{Heap after GC invocations=18 (full 0):
 garbage-first heap   total 184320K, used 117023K [0x0000000701400000, 0x0000000800000000)
  region size 2048K, 3 young (6144K), 3 survivors (6144K)
 Metaspace       used 120140K, committed 121856K, reserved 1179648K
  class space    used 13674K, committed 14336K, reserved 1048576K
}
Event: 2.455 GC heap before
{Heap before GC invocations=19 (full 0):
 garbage-first heap   total 215040K, used 168223K [0x0000000701400000, 0x0000000800000000)
  region size 2048K, 24 young (49152K), 3 survivors (6144K)
 Metaspace       used 137707K, committed 139648K, reserved 1179648K
  class space    used 15869K, committed 16704K, reserved 1048576K
}
Event: 2.460 GC heap after
{Heap after GC invocations=20 (full 0):
 garbage-first heap   total 215040K, used 132521K [0x0000000701400000, 0x0000000800000000)
  region size 2048K, 3 young (6144K), 3 survivors (6144K)
 Metaspace       used 137707K, committed 139648K, reserved 1179648K
  class space    used 15869K, committed 16704K, reserved 1048576K
}
Event: 2.773 GC heap before
{Heap before GC invocations=20 (full 0):
 garbage-first heap   total 215040K, used 200105K [0x0000000701400000, 0x0000000800000000)
  region size 2048K, 29 young (59392K), 3 survivors (6144K)
 Metaspace       used 158389K, committed 160512K, reserved 1245184K
  class space    used 18335K, committed 19264K, reserved 1048576K
}
Event: 2.780 GC heap after
{Heap after GC invocations=21 (full 0):
 garbage-first heap   total 221184K, used 147527K [0x0000000701400000, 0x0000000800000000)
  region size 2048K, 4 young (8192K), 4 survivors (8192K)
 Metaspace       used 158389K, committed 160512K, reserved 1245184K
  class space    used 18335K, committed 19264K, reserved 1048576K
}
Event: 2.882 GC heap before
{Heap before GC invocations=21 (full 0):
 garbage-first heap   total 221184K, used 161863K [0x0000000701400000, 0x0000000800000000)
  region size 2048K, 13 young (26624K), 4 survivors (8192K)
 Metaspace       used 164134K, committed 166464K, reserved 1245184K
  class space    used 19176K, committed 20160K, reserved 1048576K
}
Event: 2.886 GC heap after
{Heap after GC invocations=22 (full 0):
 garbage-first heap   total 266240K, used 151689K [0x0000000701400000, 0x0000000800000000)
  region size 2048K, 3 young (6144K), 3 survivors (6144K)
 Metaspace       used 164134K, committed 166464K, reserved 1245184K
  class space    used 19176K, committed 20160K, reserved 1048576K
}
Event: 3.977 GC heap before
{Heap before GC invocations=22 (full 0):
 garbage-first heap   total 266240K, used 225417K [0x0000000701400000, 0x0000000800000000)
  region size 2048K, 39 young (79872K), 3 survivors (6144K)
 Metaspace       used 187801K, committed 190528K, reserved 1245184K
  class space    used 22349K, committed 23488K, reserved 1048576K
}
Event: 3.985 GC heap after
{Heap after GC invocations=23 (full 0):
 garbage-first heap   total 266240K, used 167001K [0x0000000701400000, 0x0000000800000000)
  region size 2048K, 5 young (10240K), 5 survivors (10240K)
 Metaspace       used 187801K, committed 190528K, reserved 1245184K
  class space    used 22349K, committed 23488K, reserved 1048576K
}

